{"name": "C6SP基站绑定解绑", "status": "broken", "statusDetails": {"message": "selenium.common.exceptions.NoSuchElementException: Message: An element could not be located on the page using the given search parameters.", "trace": "self = <bound method TestAddDevices.test_addC6SP_station of <test_gzAndroidAuto.TestAddDevices object at 0x000002E94C496AF0>>\n\n    @staticmethod\n    def teardown_method(self):\n        # 调用解绑接口，默认是中国区‘api-cn.aosulife.com’\n        # gz_public._unbind('V8P1AH110002353', 1, 1)\n        # 335\n        # gz_public._unbind('C2E2BH110000278', 1, 1)\n        # 337\n        # gz_public._unbind('C2E2BH110000233', 1, 1)\n        # C6SP 基站\n        # gz_public._unbind('H1L2AH110000650', 1, 1)\n        # time.sleep(2)\n    \n        # 如果绑定失败的话，会停留在失败页面，每次执行完成后要回到首页\n        if not gz_public.isElementPresent(driver=master, by=\"id\", value=\"com.glazero.android:id/img_menu\"):\n>           if master.find_element_by_id('com.glazero.android:id/tv_tip').text == 'Connection failed':\n\ntest_gzAndroidAuto.py:300: \n_ _ _ _ _ _ _ _ _ _ _ _ _ _ _ _ _ _ _ _ _ _ _ _ _ _ _ _ _ _ _ _ _ _ _ _ _ _ _ _\nvenv\\Lib\\site-packages\\selenium\\webdriver\\remote\\webdriver.py:360: in find_element_by_id\n    return self.find_element(by=By.ID, value=id_)\nvenv\\Lib\\site-packages\\appium\\webdriver\\webdriver.py:414: in find_element\n    return self.execute(RemoteCommand.FIND_ELEMENT, {'using': by, 'value': value})['value']\nvenv\\Lib\\site-packages\\selenium\\webdriver\\remote\\webdriver.py:321: in execute\n    self.error_handler.check_response(response)\nvenv\\Lib\\site-packages\\appium\\webdriver\\errorhandler.py:31: in check_response\n    raise wde\nvenv\\Lib\\site-packages\\appium\\webdriver\\errorhandler.py:26: in check_response\n    super().check_response(response)\n_ _ _ _ _ _ _ _ _ _ _ _ _ _ _ _ _ _ _ _ _ _ _ _ _ _ _ _ _ _ _ _ _ _ _ _ _ _ _ _\n\nself = <appium.webdriver.errorhandler.MobileErrorHandler object at 0x000002E94C695A00>\nresponse = {'status': 404, 'value': '{\"value\":{\"error\":\"no such element\",\"message\":\"An element could not be located on the page u...\\\\\\node_modules\\\\\\\\appium\\\\\\\\node_modules\\\\\\\\appium-base-driver\\\\\\\\lib\\\\\\\\basedriver\\\\\\\\commands\\\\\\\\find.js:53:10)\"}}'}\n\n    def check_response(self, response):\n        \"\"\"\n        Checks that a JSON response from the WebDriver does not have an error.\n    \n        :Args:\n         - response - The JSON response from the WebDriver server as a dictionary\n           object.\n    \n        :Raises: If the response contains an error message.\n        \"\"\"\n        status = response.get('status', None)\n        if status is None or status == ErrorCode.SUCCESS:\n            return\n        value = None\n        message = response.get(\"message\", \"\")\n        screen = response.get(\"screen\", \"\")\n        stacktrace = None\n        if isinstance(status, int):\n            value_json = response.get('value', None)\n            if value_json and isinstance(value_json, basestring):\n                import json\n                try:\n                    value = json.loads(value_json)\n                    if len(value.keys()) == 1:\n                        value = value['value']\n                    status = value.get('error', None)\n                    if status is None:\n                        status = value[\"status\"]\n                        message = value[\"value\"]\n                        if not isinstance(message, basestring):\n                            value = message\n                            message = message.get('message')\n                    else:\n                        message = value.get('message', None)\n                except ValueError:\n                    pass\n    \n        exception_class = ErrorInResponseException\n        if status in ErrorCode.NO_SUCH_ELEMENT:\n            exception_class = NoSuchElementException\n        elif status in ErrorCode.NO_SUCH_FRAME:\n            exception_class = NoSuchFrameException\n        elif status in ErrorCode.NO_SUCH_WINDOW:\n            exception_class = NoSuchWindowException\n        elif status in ErrorCode.STALE_ELEMENT_REFERENCE:\n            exception_class = StaleElementReferenceException\n        elif status in ErrorCode.ELEMENT_NOT_VISIBLE:\n            exception_class = ElementNotVisibleException\n        elif status in ErrorCode.INVALID_ELEMENT_STATE:\n            exception_class = InvalidElementStateException\n        elif status in ErrorCode.INVALID_SELECTOR \\\n                or status in ErrorCode.INVALID_XPATH_SELECTOR \\\n                or status in ErrorCode.INVALID_XPATH_SELECTOR_RETURN_TYPER:\n            exception_class = InvalidSelectorException\n        elif status in ErrorCode.ELEMENT_IS_NOT_SELECTABLE:\n            exception_class = ElementNotSelectableException\n        elif status in ErrorCode.ELEMENT_NOT_INTERACTABLE:\n            exception_class = ElementNotInteractableException\n        elif status in ErrorCode.INVALID_COOKIE_DOMAIN:\n            exception_class = InvalidCookieDomainException\n        elif status in ErrorCode.UNABLE_TO_SET_COOKIE:\n            exception_class = UnableToSetCookieException\n        elif status in ErrorCode.TIMEOUT:\n            exception_class = TimeoutException\n        elif status in ErrorCode.SCRIPT_TIMEOUT:\n            exception_class = TimeoutException\n        elif status in ErrorCode.UNKNOWN_ERROR:\n            exception_class = WebDriverException\n        elif status in ErrorCode.UNEXPECTED_ALERT_OPEN:\n            exception_class = UnexpectedAlertPresentException\n        elif status in ErrorCode.NO_ALERT_OPEN:\n            exception_class = NoAlertPresentException\n        elif status in ErrorCode.IME_NOT_AVAILABLE:\n            exception_class = ImeNotAvailableException\n        elif status in ErrorCode.IME_ENGINE_ACTIVATION_FAILED:\n            exception_class = ImeActivationFailedException\n        elif status in ErrorCode.MOVE_TARGET_OUT_OF_BOUNDS:\n            exception_class = MoveTargetOutOfBoundsException\n        elif status in ErrorCode.JAVASCRIPT_ERROR:\n            exception_class = JavascriptException\n        elif status in ErrorCode.SESSION_NOT_CREATED:\n            exception_class = SessionNotCreatedException\n        elif status in ErrorCode.INVALID_ARGUMENT:\n            exception_class = InvalidArgumentException\n        elif status in ErrorCode.NO_SUCH_COOKIE:\n            exception_class = NoSuchCookieException\n        elif status in ErrorCode.UNABLE_TO_CAPTURE_SCREEN:\n            exception_class = ScreenshotException\n        elif status in ErrorCode.ELEMENT_CLICK_INTERCEPTED:\n            exception_class = ElementClickInterceptedException\n        elif status in ErrorCode.INSECURE_CERTIFICATE:\n            exception_class = InsecureCertificateException\n        elif status in ErrorCode.INVALID_COORDINATES:\n            exception_class = InvalidCoordinatesException\n        elif status in ErrorCode.INVALID_SESSION_ID:\n            exception_class = InvalidSessionIdException\n        elif status in ErrorCode.UNKNOWN_METHOD:\n            exception_class = UnknownMethodException\n        else:\n            exception_class = WebDriverException\n        if value == '' or value is None:\n            value = response['value']\n        if isinstance(value, basestring):\n            if exception_class == ErrorInResponseException:\n                raise exception_class(response, value)\n            raise exception_class(value)\n        if message == \"\" and 'message' in value:\n            message = value['message']\n    \n        screen = None\n        if 'screen' in value:\n            screen = value['screen']\n    \n        stacktrace = None\n        if 'stackTrace' in value and value['stackTrace']:\n            stacktrace = []\n            try:\n                for frame in value['stackTrace']:\n                    line = self._value_or_default(frame, 'lineNumber', '')\n                    file = self._value_or_default(frame, 'fileName', '<anonymous>')\n                    if line:\n                        file = \"%s:%s\" % (file, line)\n                    meth = self._value_or_default(frame, 'methodName', '<anonymous>')\n                    if 'className' in frame:\n                        meth = \"%s.%s\" % (frame['className'], meth)\n                    msg = \"    at %s (%s)\"\n                    msg = msg % (meth, file)\n                    stacktrace.append(msg)\n            except TypeError:\n                pass\n        if exception_class == ErrorInResponseException:\n            raise exception_class(response, message)\n        elif exception_class == UnexpectedAlertPresentException:\n            alert_text = None\n            if 'data' in value:\n                alert_text = value['data'].get('text')\n            elif 'alert' in value:\n                alert_text = value['alert'].get('text')\n            raise exception_class(message, screen, stacktrace, alert_text)\n>       raise exception_class(message, screen, stacktrace)\nE       selenium.common.exceptions.NoSuchElementException: Message: An element could not be located on the page using the given search parameters.\n\nvenv\\Lib\\site-packages\\selenium\\webdriver\\remote\\errorhandler.py:242: NoSuchElementException"}, "steps": [{"name": "step1：点击右上角的+号，开始执行时间为：2022-06-26 00:32:13", "status": "passed", "start": 1656174733984, "stop": 1656174734141}, {"name": "step2：选择c6sp套装", "status": "passed", "start": 1656174734141, "stop": 1656174735112}, {"name": "step3：弹出照相机权限后点击cancel", "status": "passed", "start": 1656174735112, "stop": 1656174735969}, {"name": "step4：点击Use other methods", "status": "passed", "start": 1656174735970, "stop": 1656174736558}, {"name": "step5：点击continue", "status": "passed", "start": 1656174736558, "stop": 1656174737390}, {"name": "step6：继续点击continue", "status": "passed", "start": 1656174737390, "stop": 1656174738106}, {"name": "step7：继续点击continue", "status": "passed", "start": 1656174738106, "stop": 1656174738754}, {"name": "step8：等待基站SN出现后，选择基站的SN", "status": "passed", "attachments": [{"name": "fail", "source": "61522687-d491-4325-88c3-f1540699a9d8-attachment.jpg", "type": "image/jpg"}], "start": 1656174738754, "stop": 1656174782594}, {"name": "step9：跳转到Name Your HomeBase页面后，点击continue", "status": "passed", "attachments": [{"name": "fail", "source": "5b80da97-fe2c-4d56-89df-55537846a560-attachment.jpg", "type": "image/jpg"}], "start": 1656174782594, "stop": 1656174826745}, {"name": "step10：跳转到绑定成功页面，超时时间是5分钟，每2秒检查一次页面，结束时间为：2022-06-26 00:33:46", "status": "passed", "attachments": [{"name": "fail", "source": "5d82ea27-8c04-4a5d-9f62-a03c0c3b7d59-attachment.jpg", "type": "image/jpg"}], "start": 1656174826745, "stop": 1656175136645}], "attachments": [{"name": "log", "source": "c2612b7f-e84e-421b-91a4-4563931e2e5c-attachment.txt", "type": "text/plain"}], "parameters": [{"name": "__pytest_repeat_step_number", "value": "193"}], "start": 1656174733984, "stop": 1656175136645, "uuid": "0130dbed-c54f-40f4-830b-f7c2edd2c771", "historyId": "ddce6276e6e09173338228dca5ee9093", "testCaseId": "3088747e759b7cdb393e357e18b3ce2b", "fullName": "test_gzAndroidAuto.TestAddDevices#test_addC6SP_station", "labels": [{"name": "feature", "value": "添加设备-配网"}, {"name": "story", "value": "C6SP基站绑定后涂鸦状态和aosu状态不一致，涂鸦状态是离线，aosu状态是在线，等待一段时间后状态仍然不同步"}, {"name": "suite", "value": "test_gzAndroidAuto"}, {"name": "subSuite", "value": "TestAddDevices"}, {"name": "host", "value": "LAPTOP-V9T4AUSR"}, {"name": "thread", "value": "74536-MainThread"}, {"name": "framework", "value": "pytest"}, {"name": "language", "value": "cpython3"}, {"name": "package", "value": "test_gzAndroidAuto"}]}